Using pre-set license
Built from '6000.0/staging' branch; Version is '6000.0.40f1 (157d81624ddf) revision 1408385'; Using compiler version '193933523'; Build Type 'Release'
OS: 'Windows 11  (10.0.26100) 64bit Professional' Language: 'ru' Physical Memory: 15706 MB
BatchMode: 1, IsHumanControllingUs: 0, StartBugReporterOnCrash: 0, Is64bit: 1, IsPro: 1

COMMAND LINE ARGUMENTS:
C:\Program Files\Unity\Hub\Editor\6000.0.40f1\Editor\Unity.exe
-adb2
-batchMode
-noUpm
-name
AssetImportWorker0
-projectPath
C:/Users/user/source/repos/GrandDoom
-logFile
Logs/AssetImportWorker0.log
-srvPort
50536
-job-worker-count
5
-background-job-worker-count
8
-gc-helper-count
1
Successfully changed project path to: C:/Users/user/source/repos/GrandDoom
C:/Users/user/source/repos/GrandDoom
[UnityMemory] Configuration Parameters - Can be set up in boot.config
    "memorysetup-bucket-allocator-granularity=16"
    "memorysetup-bucket-allocator-bucket-count=8"
    "memorysetup-bucket-allocator-block-size=33554432"
    "memorysetup-bucket-allocator-block-count=8"
    "memorysetup-main-allocator-block-size=16777216"
    "memorysetup-thread-allocator-block-size=16777216"
    "memorysetup-gfx-main-allocator-block-size=16777216"
    "memorysetup-gfx-thread-allocator-block-size=16777216"
    "memorysetup-cache-allocator-block-size=4194304"
    "memorysetup-typetree-allocator-block-size=2097152"
    "memorysetup-profiler-bucket-allocator-granularity=16"
    "memorysetup-profiler-bucket-allocator-bucket-count=8"
    "memorysetup-profiler-bucket-allocator-block-size=33554432"
    "memorysetup-profiler-bucket-allocator-block-count=8"
    "memorysetup-profiler-allocator-block-size=16777216"
    "memorysetup-profiler-editor-allocator-block-size=1048576"
    "memorysetup-temp-allocator-size-main=16777216"
    "memorysetup-job-temp-allocator-block-size=2097152"
    "memorysetup-job-temp-allocator-block-size-background=1048576"
    "memorysetup-job-temp-allocator-reduction-small-platforms=262144"
    "memorysetup-allocator-temp-initial-block-size-main=262144"
    "memorysetup-allocator-temp-initial-block-size-worker=262144"
    "memorysetup-temp-allocator-size-background-worker=32768"
    "memorysetup-temp-allocator-size-job-worker=262144"
    "memorysetup-temp-allocator-size-preload-manager=33554432"
    "memorysetup-temp-allocator-size-nav-mesh-worker=65536"
    "memorysetup-temp-allocator-size-audio-worker=65536"
    "memorysetup-temp-allocator-size-cloud-worker=32768"
    "memorysetup-temp-allocator-size-gi-baking-worker=262144"
    "memorysetup-temp-allocator-size-gi-baking-worker=262144"
    "memorysetup-temp-allocator-size-gi-baking-worker=262144"
    "memorysetup-temp-allocator-size-gi-baking-worker=262144"
    "memorysetup-temp-allocator-size-gi-baking-worker=262144"
    "memorysetup-temp-allocator-size-gfx=262144"
Player connection [22416]  Target information:

Player connection [22416]  * "[IP] 192.168.0.192 [Port] 0 [Flags] 2 [Guid] 4060647181 [EditorId] 4060647181 [Version] 1048832 [Id] WindowsEditor(7,WIN-31GB60T5GUO) [Debug] 1 [PackageName] WindowsEditor [ProjectName] Editor" 

Player connection [22416] Host joined multi-casting on [225.0.0.222:54997]...
Player connection [22416] Host joined alternative multi-casting on [225.0.0.222:34997]...
JobSystem: Creating JobQueue using job-worker-count value 5
Input System module state changed to: Initialized.
[Physics::Module] Initialized fallback backend.
[Physics::Module] Id: 0xdecafbad
Library Redirect Path: Library/
[Physics::Module] Selected backend.
[Physics::Module] Name: PhysX
[Physics::Module] Id: 0xf2b8ea05
[Physics::Module] SDK Version: 4.1.2
[Physics::Module] Integration Version: 1.0.0
[Physics::Module] Threading Mode: Multi-Threaded
Refreshing native plugins compatible for Editor in 3.22 ms, found 3 plugins.
Preloading 0 native plugins for Editor in 0.00 ms.
Initialize engine version: 6000.0.40f1 (157d81624ddf)
[Subsystems] Discovering subsystems at path C:/Program Files/Unity/Hub/Editor/6000.0.40f1/Editor/Data/Resources/UnitySubsystems
[Subsystems] Discovering subsystems at path C:/Users/user/source/repos/GrandDoom/Assets
GfxDevice: creating device client; kGfxThreadingModeNonThreaded
Direct3D:
    Version:  Direct3D 11.0 [level 11.1]
    Renderer: AMD Radeon(TM) Graphics (ID=0x164c)
    Vendor:   ATI
    VRAM:     7853 MB
    Driver:   31.0.21921.1000
Initialize mono
Mono path[0] = 'C:/Program Files/Unity/Hub/Editor/6000.0.40f1/Editor/Data/Managed'
Mono path[1] = 'C:/Program Files/Unity/Hub/Editor/6000.0.40f1/Editor/Data/MonoBleedingEdge/lib/mono/unityjit-win32'
Mono config path = 'C:/Program Files/Unity/Hub/Editor/6000.0.40f1/Editor/Data/MonoBleedingEdge/etc'
Using monoOptions --debugger-agent=transport=dt_socket,embedding=1,server=y,suspend=n,address=127.0.0.1:56372
Begin MonoManager ReloadAssembly
Registering precompiled unity dll's ...
Register platform support module: C:/Program Files/Unity/Hub/Editor/6000.0.40f1/Editor/Data/PlaybackEngines/WindowsStandaloneSupport/UnityEditor.WindowsStandalone.Extensions.dll
Registered in 0.004276 seconds.
- Loaded All Assemblies, in  0.547 seconds
Native extension for WindowsStandalone target not found
Mono: successfully reloaded assembly
- Finished resetting the current domain, in  0.524 seconds
Domain Reload Profiling: 1068ms
	BeginReloadAssembly (189ms)
		ExecutionOrderSort (0ms)
		DisableScriptedObjects (0ms)
		BackupInstance (0ms)
		ReleaseScriptingObjects (0ms)
		CreateAndSetChildDomain (1ms)
	RebuildCommonClasses (52ms)
	RebuildNativeTypeToScriptingClass (14ms)
	initialDomainReloadingComplete (71ms)
	LoadAllAssembliesAndSetupDomain (218ms)
		LoadAssemblies (185ms)
		RebuildTransferFunctionScriptingTraits (0ms)
		AnalyzeDomain (213ms)
			TypeCache.Refresh (211ms)
				TypeCache.ScanAssembly (192ms)
			BuildScriptInfoCaches (0ms)
			ResolveRequiredComponents (1ms)
	FinalizeReload (525ms)
		ReleaseScriptCaches (0ms)
		RebuildScriptCaches (0ms)
		SetupLoadedEditorAssemblies (456ms)
			LogAssemblyErrors (0ms)
			InitializePlatformSupportModulesInManaged (40ms)
			SetLoadedEditorAssemblies (6ms)
			BeforeProcessingInitializeOnLoad (78ms)
			ProcessInitializeOnLoadAttributes (250ms)
			ProcessInitializeOnLoadMethodAttributes (81ms)
			AfterProcessingInitializeOnLoad (0ms)
			EditorAssembliesLoaded (0ms)
		ExecutionOrderSort2 (0ms)
		AwakeInstancesAfterBackupRestoration (0ms)
========================================================================
Worker process is ready to serve import requests
Import Worker Mode flag is 0x00
Begin MonoManager ReloadAssembly
- Loaded All Assemblies, in  1.008 seconds
Refreshing native plugins compatible for Editor in 1.41 ms, found 3 plugins.
Native extension for WindowsStandalone target not found
Mono: successfully reloaded assembly
- Finished resetting the current domain, in  1.054 seconds
Domain Reload Profiling: 2056ms
	BeginReloadAssembly (221ms)
		ExecutionOrderSort (0ms)
		DisableScriptedObjects (8ms)
		BackupInstance (0ms)
		ReleaseScriptingObjects (0ms)
		CreateAndSetChildDomain (41ms)
	RebuildCommonClasses (48ms)
	RebuildNativeTypeToScriptingClass (15ms)
	initialDomainReloadingComplete (54ms)
	LoadAllAssembliesAndSetupDomain (664ms)
		LoadAssemblies (455ms)
		RebuildTransferFunctionScriptingTraits (0ms)
		AnalyzeDomain (333ms)
			TypeCache.Refresh (224ms)
				TypeCache.ScanAssembly (190ms)
			BuildScriptInfoCaches (93ms)
			ResolveRequiredComponents (12ms)
	FinalizeReload (1055ms)
		ReleaseScriptCaches (0ms)
		RebuildScriptCaches (0ms)
		SetupLoadedEditorAssemblies (824ms)
			LogAssemblyErrors (0ms)
			InitializePlatformSupportModulesInManaged (4ms)
			SetLoadedEditorAssemblies (6ms)
			BeforeProcessingInitializeOnLoad (149ms)
			ProcessInitializeOnLoadAttributes (509ms)
			ProcessInitializeOnLoadMethodAttributes (141ms)
			AfterProcessingInitializeOnLoad (15ms)
			EditorAssembliesLoaded (1ms)
		ExecutionOrderSort2 (0ms)
		AwakeInstancesAfterBackupRestoration (20ms)
Launched and connected shader compiler UnityShaderCompiler.exe after 0.02 seconds
Refreshing native plugins compatible for Editor in 1.50 ms, found 3 plugins.
Preloading 0 native plugins for Editor in 0.00 ms.
Unloading 198 Unused Serialized files (Serialized files now loaded: 0)
Unloading 5951 unused Assets / (4.4 MB). Loaded Objects now: 6638.
Memory consumption went from 155.3 MB to 150.9 MB.
Total: 14.865500 ms (FindLiveObjects: 1.377500 ms CreateObjectMapping: 1.333700 ms MarkObjects: 7.666700 ms  DeleteObjects: 4.485400 ms)

========================================================================
Received Prepare
Begin MonoManager ReloadAssembly
- Loaded All Assemblies, in  0.889 seconds
Refreshing native plugins compatible for Editor in 1.96 ms, found 3 plugins.
Native extension for WindowsStandalone target not found
Mono: successfully reloaded assembly
- Finished resetting the current domain, in  0.989 seconds
Domain Reload Profiling: 1875ms
	BeginReloadAssembly (237ms)
		ExecutionOrderSort (0ms)
		DisableScriptedObjects (7ms)
		BackupInstance (0ms)
		ReleaseScriptingObjects (0ms)
		CreateAndSetChildDomain (61ms)
	RebuildCommonClasses (43ms)
	RebuildNativeTypeToScriptingClass (16ms)
	initialDomainReloadingComplete (37ms)
	LoadAllAssembliesAndSetupDomain (553ms)
		LoadAssemblies (446ms)
		RebuildTransferFunctionScriptingTraits (0ms)
		AnalyzeDomain (224ms)
			TypeCache.Refresh (11ms)
				TypeCache.ScanAssembly (0ms)
			BuildScriptInfoCaches (196ms)
			ResolveRequiredComponents (12ms)
	FinalizeReload (990ms)
		ReleaseScriptCaches (0ms)
		RebuildScriptCaches (0ms)
		SetupLoadedEditorAssemblies (719ms)
			LogAssemblyErrors (0ms)
			InitializePlatformSupportModulesInManaged (3ms)
			SetLoadedEditorAssemblies (6ms)
			BeforeProcessingInitializeOnLoad (130ms)
			ProcessInitializeOnLoadAttributes (494ms)
			ProcessInitializeOnLoadMethodAttributes (77ms)
			AfterProcessingInitializeOnLoad (8ms)
			EditorAssembliesLoaded (0ms)
		ExecutionOrderSort2 (0ms)
		AwakeInstancesAfterBackupRestoration (21ms)
Refreshing native plugins compatible for Editor in 2.43 ms, found 3 plugins.
Preloading 0 native plugins for Editor in 0.00 ms.
Unloading 23 Unused Serialized files (Serialized files now loaded: 0)
Unloading 5947 unused Assets / (4.5 MB). Loaded Objects now: 6653.
Memory consumption went from 140.8 MB to 136.3 MB.
Total: 16.922500 ms (FindLiveObjects: 1.400900 ms CreateObjectMapping: 1.307800 ms MarkObjects: 9.002700 ms  DeleteObjects: 5.207600 ms)

Prepare: number of updated asset objects reloaded= 0
========================================================================
Received Import Request.
  Time since last request: 344002.667546 seconds.
  path: Assets/InputSystem_Actions.inputactions
  artifactKey: Guid(052faaac586de48259a63d0c4782560b) Importer(2089858483,192608db42251d675da83286b1cce702)
Start importing Assets/InputSystem_Actions.inputactions using Guid(052faaac586de48259a63d0c4782560b) Importer(2089858483,192608db42251d675da83286b1cce702) (ScriptedImporter) -> (artifact id: 'f0e73acc136aaa37e6f8b6bcd487230d') in 0.5749447 seconds
Number of updated asset objects reloaded before import = 0Number of asset objects unloaded after import = 21

========================================================================
Received Import Request.
  Time since last request: 0.000024 seconds.
  path: Assets/Settings/SampleSceneProfile.asset
  artifactKey: Guid(10fc4df2da32a41aaa32d77bc913491c) Importer(2089858483,192608db42251d675da83286b1cce702)
Start importing Assets/Settings/SampleSceneProfile.asset using Guid(10fc4df2da32a41aaa32d77bc913491c) Importer(2089858483,192608db42251d675da83286b1cce702) (ScriptedImporter) -> (artifact id: '7ffa527dd9cc0d580fafb2fa23f44b9f') in 0.032652 seconds
Number of updated asset objects reloaded before import = 0Number of asset objects unloaded after import = 1

========================================================================
Received Import Request.
  Time since last request: 0.000060 seconds.
  path: Assets/Materials/Test.mat
  artifactKey: Guid(dedf670a82b93fd40a0ef274256711ed) Importer(2089858483,192608db42251d675da83286b1cce702)
Start importing Assets/Materials/Test.mat using Guid(dedf670a82b93fd40a0ef274256711ed) Importer(2089858483,192608db42251d675da83286b1cce702) (ScriptedImporter) -> (artifact id: 'd3b39d3201c432732f32ef893777545e') in 0.0704122 seconds
Number of updated asset objects reloaded before import = 0Number of asset objects unloaded after import = 1

========================================================================
Received Import Request.
  Time since last request: 0.000027 seconds.
  path: Assets/TutorialInfo/Layout.wlt
  artifactKey: Guid(eabc9546105bf4accac1fd62a63e88e6) Importer(2089858483,192608db42251d675da83286b1cce702)
Start importing Assets/TutorialInfo/Layout.wlt using Guid(eabc9546105bf4accac1fd62a63e88e6) Importer(2089858483,192608db42251d675da83286b1cce702) (ScriptedImporter) -> (artifact id: '242ebaf82f928ea262d3bf0d90b59951') in 0.0231246 seconds
Number of updated asset objects reloaded before import = 0Number of asset objects unloaded after import = 1

========================================================================
Received Import Request.
  Time since last request: 0.000023 seconds.
  path: Assets/TutorialInfo/Icons/URP.png
  artifactKey: Guid(727a75301c3d24613a3ebcec4a24c2c8) Importer(2089858483,192608db42251d675da83286b1cce702)
Start importing Assets/TutorialInfo/Icons/URP.png using Guid(727a75301c3d24613a3ebcec4a24c2c8) Importer(2089858483,192608db42251d675da83286b1cce702) (ScriptedImporter) -> (artifact id: 'fba607d94474972fb9a0f74776db3b07') in 0.0842654 seconds
Number of updated asset objects reloaded before import = 0Number of asset objects unloaded after import = 1

========================================================================
Received Import Request.
  Time since last request: 0.000027 seconds.
  path: Assets/Models/195s_497_ud5be.jpg
  artifactKey: Guid(fcd0135fdd7d7a14d835a8c44427f8f9) Importer(2089858483,192608db42251d675da83286b1cce702)
Start importing Assets/Models/195s_497_ud5be.jpg using Guid(fcd0135fdd7d7a14d835a8c44427f8f9) Importer(2089858483,192608db42251d675da83286b1cce702) (ScriptedImporter) -> (artifact id: 'bba179c53eb0041a6d232eedfb275bbc') in 0.036921 seconds
Number of updated asset objects reloaded before import = 0Number of asset objects unloaded after import = 1

========================================================================
Received Import Request.
  Time since last request: 0.000038 seconds.
  path: Assets/Settings/DefaultVolumeProfile.asset
  artifactKey: Guid(ab09877e2e707104187f6f83e2f62510) Importer(2089858483,192608db42251d675da83286b1cce702)
Start importing Assets/Settings/DefaultVolumeProfile.asset using Guid(ab09877e2e707104187f6f83e2f62510) Importer(2089858483,192608db42251d675da83286b1cce702) (ScriptedImporter) -> (artifact id: '69ea7f12d2f6750dff8f8baf1aaff4d2') in 0.0264644 seconds
Number of updated asset objects reloaded before import = 0Number of asset objects unloaded after import = 0

========================================================================
Received Import Request.
  Time since last request: 0.000024 seconds.
  path: Assets/Settings/UniversalRenderPipelineGlobalSettings.asset
  artifactKey: Guid(18dc0cd2c080841dea60987a38ce93fa) Importer(2089858483,192608db42251d675da83286b1cce702)
Start importing Assets/Settings/UniversalRenderPipelineGlobalSettings.asset using Guid(18dc0cd2c080841dea60987a38ce93fa) Importer(2089858483,192608db42251d675da83286b1cce702) (ScriptedImporter) -> (artifact id: '4c4245b835fccc2198a61746e6851ad5') in 0.0506664 seconds
Number of updated asset objects reloaded before import = 0Number of asset objects unloaded after import = 0

========================================================================
Received Prepare
Begin MonoManager ReloadAssembly
- Loaded All Assemblies, in  7.916 seconds
Refreshing native plugins compatible for Editor in 2.89 ms, found 3 plugins.
Native extension for WindowsStandalone target not found
Mono: successfully reloaded assembly
- Finished resetting the current domain, in  2.241 seconds
Domain Reload Profiling: 10157ms
	BeginReloadAssembly (1459ms)
		ExecutionOrderSort (0ms)
		DisableScriptedObjects (12ms)
		BackupInstance (0ms)
		ReleaseScriptingObjects (0ms)
		CreateAndSetChildDomain (336ms)
	RebuildCommonClasses (394ms)
	RebuildNativeTypeToScriptingClass (25ms)
	initialDomainReloadingComplete (88ms)
	LoadAllAssembliesAndSetupDomain (5948ms)
		LoadAssemblies (6495ms)
		RebuildTransferFunctionScriptingTraits (0ms)
		AnalyzeDomain (430ms)
			TypeCache.Refresh (20ms)
				TypeCache.ScanAssembly (0ms)
			BuildScriptInfoCaches (370ms)
			ResolveRequiredComponents (26ms)
	FinalizeReload (2242ms)
		ReleaseScriptCaches (0ms)
		RebuildScriptCaches (0ms)
		SetupLoadedEditorAssemblies (1403ms)
			LogAssemblyErrors (0ms)
			InitializePlatformSupportModulesInManaged (6ms)
			SetLoadedEditorAssemblies (17ms)
			BeforeProcessingInitializeOnLoad (262ms)
			ProcessInitializeOnLoadAttributes (1010ms)
			ProcessInitializeOnLoadMethodAttributes (94ms)
			AfterProcessingInitializeOnLoad (14ms)
			EditorAssembliesLoaded (1ms)
		ExecutionOrderSort2 (0ms)
		AwakeInstancesAfterBackupRestoration (22ms)
Refreshing native plugins compatible for Editor in 2.55 ms, found 3 plugins.
Preloading 0 native plugins for Editor in 0.00 ms.
Unloading 13 Unused Serialized files (Serialized files now loaded: 0)
Unloading 5950 unused Assets / (4.4 MB). Loaded Objects now: 6657.
Memory consumption went from 139.6 MB to 135.2 MB.
Total: 17.578500 ms (FindLiveObjects: 1.632600 ms CreateObjectMapping: 2.247400 ms MarkObjects: 8.568400 ms  DeleteObjects: 5.127600 ms)

Prepare: number of updated asset objects reloaded= 0
========================================================================
Received Prepare
Refreshing native plugins compatible for Editor in 1.80 ms, found 3 plugins.
Preloading 0 native plugins for Editor in 0.00 ms.
Unloading 13 Unused Serialized files (Serialized files now loaded: 0)
Unloading 5940 unused Assets / (4.8 MB). Loaded Objects now: 6657.
Memory consumption went from 139.8 MB to 135.0 MB.
Total: 17.482900 ms (FindLiveObjects: 1.193800 ms CreateObjectMapping: 1.879200 ms MarkObjects: 9.392600 ms  DeleteObjects: 5.015300 ms)

Prepare: number of updated asset objects reloaded= 0
========================================================================
Received Prepare
Begin MonoManager ReloadAssembly
- Loaded All Assemblies, in  1.679 seconds
Refreshing native plugins compatible for Editor in 2.86 ms, found 3 plugins.
Native extension for WindowsStandalone target not found
Mono: successfully reloaded assembly
- Finished resetting the current domain, in  1.786 seconds
Domain Reload Profiling: 3461ms
	BeginReloadAssembly (422ms)
		ExecutionOrderSort (0ms)
		DisableScriptedObjects (12ms)
		BackupInstance (0ms)
		ReleaseScriptingObjects (0ms)
		CreateAndSetChildDomain (100ms)
	RebuildCommonClasses (79ms)
	RebuildNativeTypeToScriptingClass (20ms)
	initialDomainReloadingComplete (50ms)
	LoadAllAssembliesAndSetupDomain (1103ms)
		LoadAssemblies (952ms)
		RebuildTransferFunctionScriptingTraits (0ms)
		AnalyzeDomain (380ms)
			TypeCache.Refresh (16ms)
				TypeCache.ScanAssembly (0ms)
			BuildScriptInfoCaches (341ms)
			ResolveRequiredComponents (18ms)
	FinalizeReload (1787ms)
		ReleaseScriptCaches (0ms)
		RebuildScriptCaches (0ms)
		SetupLoadedEditorAssemblies (1298ms)
			LogAssemblyErrors (0ms)
			InitializePlatformSupportModulesInManaged (6ms)
			SetLoadedEditorAssemblies (15ms)
			BeforeProcessingInitializeOnLoad (267ms)
			ProcessInitializeOnLoadAttributes (874ms)
			ProcessInitializeOnLoadMethodAttributes (125ms)
			AfterProcessingInitializeOnLoad (11ms)
			EditorAssembliesLoaded (1ms)
		ExecutionOrderSort2 (0ms)
		AwakeInstancesAfterBackupRestoration (22ms)
Refreshing native plugins compatible for Editor in 2.04 ms, found 3 plugins.
Preloading 0 native plugins for Editor in 0.00 ms.
Unloading 13 Unused Serialized files (Serialized files now loaded: 0)
Unloading 5947 unused Assets / (4.7 MB). Loaded Objects now: 6659.
Memory consumption went from 139.6 MB to 135.0 MB.
Total: 17.346400 ms (FindLiveObjects: 1.320100 ms CreateObjectMapping: 1.050400 ms MarkObjects: 8.617100 ms  DeleteObjects: 6.353000 ms)

Prepare: number of updated asset objects reloaded= 0
========================================================================
Received Prepare
Refreshing native plugins compatible for Editor in 2.02 ms, found 3 plugins.
Preloading 0 native plugins for Editor in 0.00 ms.
Unloading 13 Unused Serialized files (Serialized files now loaded: 0)
Unloading 5940 unused Assets / (2.5 MB). Loaded Objects now: 6659.
Memory consumption went from 139.8 MB to 137.3 MB.
Total: 44.594500 ms (FindLiveObjects: 2.334400 ms CreateObjectMapping: 6.391500 ms MarkObjects: 25.801900 ms  DeleteObjects: 10.064200 ms)

Prepare: number of updated asset objects reloaded= 0
========================================================================
Received Prepare
Begin MonoManager ReloadAssembly
- Loaded All Assemblies, in  1.846 seconds
Refreshing native plugins compatible for Editor in 2.36 ms, found 3 plugins.
Native extension for WindowsStandalone target not found
Mono: successfully reloaded assembly
- Finished resetting the current domain, in  1.381 seconds
Domain Reload Profiling: 3229ms
	BeginReloadAssembly (437ms)
		ExecutionOrderSort (0ms)
		DisableScriptedObjects (26ms)
		BackupInstance (0ms)
		ReleaseScriptingObjects (1ms)
		CreateAndSetChildDomain (116ms)
	RebuildCommonClasses (74ms)
	RebuildNativeTypeToScriptingClass (27ms)
	initialDomainReloadingComplete (83ms)
	LoadAllAssembliesAndSetupDomain (1225ms)
		LoadAssemblies (934ms)
		RebuildTransferFunctionScriptingTraits (0ms)
		AnalyzeDomain (465ms)
			TypeCache.Refresh (22ms)
				TypeCache.ScanAssembly (1ms)
			BuildScriptInfoCaches (408ms)
			ResolveRequiredComponents (28ms)
	FinalizeReload (1382ms)
		ReleaseScriptCaches (0ms)
		RebuildScriptCaches (0ms)
		SetupLoadedEditorAssemblies (1055ms)
			LogAssemblyErrors (0ms)
			InitializePlatformSupportModulesInManaged (6ms)
			SetLoadedEditorAssemblies (6ms)
			BeforeProcessingInitializeOnLoad (175ms)
			ProcessInitializeOnLoadAttributes (731ms)
			ProcessInitializeOnLoadMethodAttributes (124ms)
			AfterProcessingInitializeOnLoad (12ms)
			EditorAssembliesLoaded (0ms)
		ExecutionOrderSort2 (0ms)
		AwakeInstancesAfterBackupRestoration (23ms)
Refreshing native plugins compatible for Editor in 2.15 ms, found 3 plugins.
Preloading 0 native plugins for Editor in 0.00 ms.
Unloading 13 Unused Serialized files (Serialized files now loaded: 0)
Unloading 5947 unused Assets / (5.3 MB). Loaded Objects now: 6661.
Memory consumption went from 139.7 MB to 134.3 MB.
Total: 21.771000 ms (FindLiveObjects: 1.030100 ms CreateObjectMapping: 1.136300 ms MarkObjects: 12.183300 ms  DeleteObjects: 7.418400 ms)

Prepare: number of updated asset objects reloaded= 0
========================================================================
Received Prepare
Refreshing native plugins compatible for Editor in 1.70 ms, found 3 plugins.
Preloading 0 native plugins for Editor in 0.00 ms.
Unloading 13 Unused Serialized files (Serialized files now loaded: 0)
Unloading 5940 unused Assets / (5.0 MB). Loaded Objects now: 6661.
Memory consumption went from 139.8 MB to 134.8 MB.
Total: 18.696700 ms (FindLiveObjects: 1.156400 ms CreateObjectMapping: 1.477200 ms MarkObjects: 10.570300 ms  DeleteObjects: 5.490400 ms)

Prepare: number of updated asset objects reloaded= 0
========================================================================
Received Prepare
Begin MonoManager ReloadAssembly
- Loaded All Assemblies, in  1.451 seconds
Refreshing native plugins compatible for Editor in 2.13 ms, found 3 plugins.
Native extension for WindowsStandalone target not found
Mono: successfully reloaded assembly
- Finished resetting the current domain, in  1.372 seconds
Domain Reload Profiling: 2820ms
	BeginReloadAssembly (327ms)
		ExecutionOrderSort (0ms)
		DisableScriptedObjects (16ms)
		BackupInstance (0ms)
		ReleaseScriptingObjects (0ms)
		CreateAndSetChildDomain (91ms)
	RebuildCommonClasses (64ms)
	RebuildNativeTypeToScriptingClass (16ms)
	initialDomainReloadingComplete (56ms)
	LoadAllAssembliesAndSetupDomain (984ms)
		LoadAssemblies (728ms)
		RebuildTransferFunctionScriptingTraits (0ms)
		AnalyzeDomain (413ms)
			TypeCache.Refresh (17ms)
				TypeCache.ScanAssembly (0ms)
			BuildScriptInfoCaches (363ms)
			ResolveRequiredComponents (24ms)
	FinalizeReload (1372ms)
		ReleaseScriptCaches (0ms)
		RebuildScriptCaches (0ms)
		SetupLoadedEditorAssemblies (991ms)
			LogAssemblyErrors (0ms)
			InitializePlatformSupportModulesInManaged (5ms)
			SetLoadedEditorAssemblies (8ms)
			BeforeProcessingInitializeOnLoad (215ms)
			ProcessInitializeOnLoadAttributes (649ms)
			ProcessInitializeOnLoadMethodAttributes (101ms)
			AfterProcessingInitializeOnLoad (13ms)
			EditorAssembliesLoaded (0ms)
		ExecutionOrderSort2 (0ms)
		AwakeInstancesAfterBackupRestoration (24ms)
Refreshing native plugins compatible for Editor in 3.52 ms, found 3 plugins.
Preloading 0 native plugins for Editor in 0.00 ms.
Unloading 13 Unused Serialized files (Serialized files now loaded: 0)
Unloading 5947 unused Assets / (4.6 MB). Loaded Objects now: 6663.
Memory consumption went from 139.7 MB to 135.1 MB.
Total: 13.067300 ms (FindLiveObjects: 0.830400 ms CreateObjectMapping: 0.918400 ms MarkObjects: 6.722700 ms  DeleteObjects: 4.593100 ms)

Prepare: number of updated asset objects reloaded= 0
========================================================================
Received Prepare
Refreshing native plugins compatible for Editor in 2.65 ms, found 3 plugins.
Preloading 0 native plugins for Editor in 0.00 ms.
Unloading 13 Unused Serialized files (Serialized files now loaded: 0)
Unloading 5940 unused Assets / (4.8 MB). Loaded Objects now: 6663.
Memory consumption went from 139.8 MB to 135.0 MB.
Total: 38.285900 ms (FindLiveObjects: 1.216800 ms CreateObjectMapping: 4.825100 ms MarkObjects: 25.959900 ms  DeleteObjects: 6.281100 ms)

Prepare: number of updated asset objects reloaded= 0
========================================================================
Received Import Request.
  Time since last request: 535.244128 seconds.
  path: Assets/Scripts/Movement.cs
  artifactKey: Guid(a328a969df7806e45b6fc371e547683f) Importer(815301076,1909f56bfc062723c751e8b465ee728b)
Start importing Assets/Scripts/Movement.cs using Guid(a328a969df7806e45b6fc371e547683f) Importer(815301076,1909f56bfc062723c751e8b465ee728b) (PreviewImporter) -> (artifact id: 'a93b997bbe4adbd5bdd8290d7972c23b') in 0.0036794 seconds
Number of updated asset objects reloaded before import = 0Number of asset objects unloaded after import = 0

========================================================================
Received Prepare
Refreshing native plugins compatible for Editor in 2.33 ms, found 3 plugins.
Preloading 0 native plugins for Editor in 0.00 ms.
Unloading 13 Unused Serialized files (Serialized files now loaded: 0)
Unloading 5940 unused Assets / (4.6 MB). Loaded Objects now: 6663.
Memory consumption went from 139.8 MB to 135.2 MB.
Total: 24.789700 ms (FindLiveObjects: 1.301200 ms CreateObjectMapping: 2.209900 ms MarkObjects: 10.632900 ms  DeleteObjects: 10.643600 ms)

Prepare: number of updated asset objects reloaded= 0
========================================================================
Received Import Request.
  Time since last request: 6.471142 seconds.
  path: Assets/Scripts/Movement.cs
  artifactKey: Guid(a328a969df7806e45b6fc371e547683f) Importer(815301076,1909f56bfc062723c751e8b465ee728b)
Start importing Assets/Scripts/Movement.cs using Guid(a328a969df7806e45b6fc371e547683f) Importer(815301076,1909f56bfc062723c751e8b465ee728b) (PreviewImporter) -> (artifact id: '8faf4f04e765bf80cdf2c1969d60c212') in 0.0036256 seconds
Number of updated asset objects reloaded before import = 0Number of asset objects unloaded after import = 0

========================================================================
Received Prepare
Refreshing native plugins compatible for Editor in 2.47 ms, found 3 plugins.
Preloading 0 native plugins for Editor in 0.00 ms.
Unloading 13 Unused Serialized files (Serialized files now loaded: 0)
Unloading 5940 unused Assets / (4.5 MB). Loaded Objects now: 6663.
Memory consumption went from 139.8 MB to 135.3 MB.
Total: 18.993300 ms (FindLiveObjects: 1.427300 ms CreateObjectMapping: 1.815900 ms MarkObjects: 9.990200 ms  DeleteObjects: 5.757100 ms)

Prepare: number of updated asset objects reloaded= 0
========================================================================
Received Import Request.
  Time since last request: 9.314740 seconds.
  path: Assets/Scripts/Movement.cs
  artifactKey: Guid(a328a969df7806e45b6fc371e547683f) Importer(815301076,1909f56bfc062723c751e8b465ee728b)
Start importing Assets/Scripts/Movement.cs using Guid(a328a969df7806e45b6fc371e547683f) Importer(815301076,1909f56bfc062723c751e8b465ee728b) (PreviewImporter) -> (artifact id: 'c523e15264f71f4cf56847a32a396fba') in 0.0013225 seconds
Number of updated asset objects reloaded before import = 0Number of asset objects unloaded after import = 0

========================================================================
Received Prepare
Begin MonoManager ReloadAssembly
- Loaded All Assemblies, in  1.299 seconds
Refreshing native plugins compatible for Editor in 1.60 ms, found 3 plugins.
Native extension for WindowsStandalone target not found
Mono: successfully reloaded assembly
- Finished resetting the current domain, in  1.168 seconds
Domain Reload Profiling: 2461ms
	BeginReloadAssembly (373ms)
		ExecutionOrderSort (0ms)
		DisableScriptedObjects (10ms)
		BackupInstance (0ms)
		ReleaseScriptingObjects (0ms)
		CreateAndSetChildDomain (95ms)
	RebuildCommonClasses (56ms)
	RebuildNativeTypeToScriptingClass (21ms)
	initialDomainReloadingComplete (53ms)
	LoadAllAssembliesAndSetupDomain (790ms)
		LoadAssemblies (684ms)
		RebuildTransferFunctionScriptingTraits (0ms)
		AnalyzeDomain (304ms)
			TypeCache.Refresh (14ms)
				TypeCache.ScanAssembly (0ms)
			BuildScriptInfoCaches (270ms)
			ResolveRequiredComponents (15ms)
	FinalizeReload (1169ms)
		ReleaseScriptCaches (0ms)
		RebuildScriptCaches (0ms)
		SetupLoadedEditorAssemblies (880ms)
			LogAssemblyErrors (0ms)
			InitializePlatformSupportModulesInManaged (3ms)
			SetLoadedEditorAssemblies (6ms)
			BeforeProcessingInitializeOnLoad (183ms)
			ProcessInitializeOnLoadAttributes (600ms)
			ProcessInitializeOnLoadMethodAttributes (76ms)
			AfterProcessingInitializeOnLoad (12ms)
			EditorAssembliesLoaded (0ms)
		ExecutionOrderSort2 (0ms)
		AwakeInstancesAfterBackupRestoration (22ms)
Refreshing native plugins compatible for Editor in 2.10 ms, found 3 plugins.
Preloading 0 native plugins for Editor in 0.00 ms.
Unloading 13 Unused Serialized files (Serialized files now loaded: 0)
Unloading 5947 unused Assets / (4.5 MB). Loaded Objects now: 6665.
Memory consumption went from 139.7 MB to 135.2 MB.
Total: 17.664600 ms (FindLiveObjects: 1.245200 ms CreateObjectMapping: 1.970100 ms MarkObjects: 8.877800 ms  DeleteObjects: 5.568300 ms)

Prepare: number of updated asset objects reloaded= 0
========================================================================
Received Prepare
Refreshing native plugins compatible for Editor in 19.70 ms, found 3 plugins.
Preloading 0 native plugins for Editor in 0.00 ms.
Unloading 13 Unused Serialized files (Serialized files now loaded: 0)
Unloading 5940 unused Assets / (4.5 MB). Loaded Objects now: 6665.
Memory consumption went from 139.8 MB to 135.4 MB.
Total: 142.737900 ms (FindLiveObjects: 4.470600 ms CreateObjectMapping: 3.006900 ms MarkObjects: 20.912300 ms  DeleteObjects: 114.344000 ms)

Prepare: number of updated asset objects reloaded= 0
========================================================================
Received Import Request.
  Time since last request: 35.222653 seconds.
  path: Assets/Scripts/Movement.cs
  artifactKey: Guid(a328a969df7806e45b6fc371e547683f) Importer(815301076,1909f56bfc062723c751e8b465ee728b)
Start importing Assets/Scripts/Movement.cs using Guid(a328a969df7806e45b6fc371e547683f) Importer(815301076,1909f56bfc062723c751e8b465ee728b) (PreviewImporter) -> (artifact id: '57e4fb5c1fd35bf01018aa188dd82a1a') in 0.0081967 seconds
Number of updated asset objects reloaded before import = 0Number of asset objects unloaded after import = 0

========================================================================
Received Prepare
Begin MonoManager ReloadAssembly
- Loaded All Assemblies, in  1.572 seconds
Refreshing native plugins compatible for Editor in 2.63 ms, found 3 plugins.
Native extension for WindowsStandalone target not found
Mono: successfully reloaded assembly
- Finished resetting the current domain, in  1.486 seconds
Domain Reload Profiling: 3055ms
	BeginReloadAssembly (589ms)
		ExecutionOrderSort (0ms)
		DisableScriptedObjects (17ms)
		BackupInstance (0ms)
		ReleaseScriptingObjects (0ms)
		CreateAndSetChildDomain (98ms)
	RebuildCommonClasses (83ms)
	RebuildNativeTypeToScriptingClass (23ms)
	initialDomainReloadingComplete (60ms)
	LoadAllAssembliesAndSetupDomain (813ms)
		LoadAssemblies (911ms)
		RebuildTransferFunctionScriptingTraits (0ms)
		AnalyzeDomain (298ms)
			TypeCache.Refresh (14ms)
				TypeCache.ScanAssembly (0ms)
			BuildScriptInfoCaches (264ms)
			ResolveRequiredComponents (15ms)
	FinalizeReload (1487ms)
		ReleaseScriptCaches (0ms)
		RebuildScriptCaches (0ms)
		SetupLoadedEditorAssemblies (1069ms)
			LogAssemblyErrors (0ms)
			InitializePlatformSupportModulesInManaged (4ms)
			SetLoadedEditorAssemblies (10ms)
			BeforeProcessingInitializeOnLoad (216ms)
			ProcessInitializeOnLoadAttributes (665ms)
			ProcessInitializeOnLoadMethodAttributes (157ms)
			AfterProcessingInitializeOnLoad (16ms)
			EditorAssembliesLoaded (1ms)
		ExecutionOrderSort2 (0ms)
		AwakeInstancesAfterBackupRestoration (27ms)
Refreshing native plugins compatible for Editor in 2.60 ms, found 3 plugins.
Preloading 0 native plugins for Editor in 0.00 ms.
Unloading 13 Unused Serialized files (Serialized files now loaded: 0)
Unloading 5947 unused Assets / (4.8 MB). Loaded Objects now: 6667.
Memory consumption went from 139.7 MB to 134.9 MB.
Total: 27.593800 ms (FindLiveObjects: 2.819100 ms CreateObjectMapping: 2.682900 ms MarkObjects: 14.107900 ms  DeleteObjects: 7.980000 ms)

Prepare: number of updated asset objects reloaded= 0
========================================================================
Received Prepare
Refreshing native plugins compatible for Editor in 4.39 ms, found 3 plugins.
Preloading 0 native plugins for Editor in 0.00 ms.
Unloading 13 Unused Serialized files (Serialized files now loaded: 0)
Unloading 5940 unused Assets / (4.7 MB). Loaded Objects now: 6667.
Memory consumption went from 139.8 MB to 135.2 MB.
Total: 12.516300 ms (FindLiveObjects: 1.346700 ms CreateObjectMapping: 0.848700 ms MarkObjects: 5.902200 ms  DeleteObjects: 4.415100 ms)

Prepare: number of updated asset objects reloaded= 0
========================================================================
Received Prepare
Begin MonoManager ReloadAssembly
- Loaded All Assemblies, in  1.716 seconds
Refreshing native plugins compatible for Editor in 2.21 ms, found 3 plugins.
Native extension for WindowsStandalone target not found
Mono: successfully reloaded assembly
- Finished resetting the current domain, in  1.520 seconds
Domain Reload Profiling: 3227ms
	BeginReloadAssembly (544ms)
		ExecutionOrderSort (0ms)
		DisableScriptedObjects (11ms)
		BackupInstance (0ms)
		ReleaseScriptingObjects (0ms)
		CreateAndSetChildDomain (145ms)
	RebuildCommonClasses (110ms)
	RebuildNativeTypeToScriptingClass (22ms)
	initialDomainReloadingComplete (92ms)
	LoadAllAssembliesAndSetupDomain (939ms)
		LoadAssemblies (949ms)
		RebuildTransferFunctionScriptingTraits (0ms)
		AnalyzeDomain (304ms)
			TypeCache.Refresh (19ms)
				TypeCache.ScanAssembly (1ms)
			BuildScriptInfoCaches (266ms)
			ResolveRequiredComponents (14ms)
	FinalizeReload (1521ms)
		ReleaseScriptCaches (0ms)
		RebuildScriptCaches (0ms)
		SetupLoadedEditorAssemblies (1218ms)
			LogAssemblyErrors (0ms)
			InitializePlatformSupportModulesInManaged (4ms)
			SetLoadedEditorAssemblies (11ms)
			BeforeProcessingInitializeOnLoad (167ms)
			ProcessInitializeOnLoadAttributes (837ms)
			ProcessInitializeOnLoadMethodAttributes (177ms)
			AfterProcessingInitializeOnLoad (22ms)
			EditorAssembliesLoaded (1ms)
		ExecutionOrderSort2 (0ms)
		AwakeInstancesAfterBackupRestoration (36ms)
Refreshing native plugins compatible for Editor in 9.96 ms, found 3 plugins.
Preloading 0 native plugins for Editor in 0.00 ms.
Unloading 13 Unused Serialized files (Serialized files now loaded: 0)
Unloading 5947 unused Assets / (4.9 MB). Loaded Objects now: 6669.
Memory consumption went from 139.7 MB to 134.8 MB.
Total: 29.966600 ms (FindLiveObjects: 1.956300 ms CreateObjectMapping: 2.572000 ms MarkObjects: 16.147800 ms  DeleteObjects: 9.287300 ms)

Prepare: number of updated asset objects reloaded= 0
========================================================================
Received Import Request.
  Time since last request: 19.607133 seconds.
  path: Assets/Scripts/Movement.cs
  artifactKey: Guid(a328a969df7806e45b6fc371e547683f) Importer(815301076,1909f56bfc062723c751e8b465ee728b)
Start importing Assets/Scripts/Movement.cs using Guid(a328a969df7806e45b6fc371e547683f) Importer(815301076,1909f56bfc062723c751e8b465ee728b) (PreviewImporter) -> (artifact id: '8aed30ecb523aba4e750c4356d9da044') in 0.0029298 seconds
Number of updated asset objects reloaded before import = 0Number of asset objects unloaded after import = 0

========================================================================
Received Prepare
Refreshing native plugins compatible for Editor in 2.13 ms, found 3 plugins.
Preloading 0 native plugins for Editor in 0.00 ms.
Unloading 13 Unused Serialized files (Serialized files now loaded: 0)
Unloading 5940 unused Assets / (4.7 MB). Loaded Objects now: 6669.
Memory consumption went from 139.9 MB to 135.1 MB.
Total: 24.823100 ms (FindLiveObjects: 1.108900 ms CreateObjectMapping: 1.255200 ms MarkObjects: 8.323900 ms  DeleteObjects: 14.132400 ms)

Prepare: number of updated asset objects reloaded= 0
========================================================================
Received Import Request.
  Time since last request: 15.017530 seconds.
  path: Assets/Scripts/Movement.cs
  artifactKey: Guid(a328a969df7806e45b6fc371e547683f) Importer(815301076,1909f56bfc062723c751e8b465ee728b)
Start importing Assets/Scripts/Movement.cs using Guid(a328a969df7806e45b6fc371e547683f) Importer(815301076,1909f56bfc062723c751e8b465ee728b) (PreviewImporter) -> (artifact id: '3c4d1a4bcb11a6f8a40a28bb2367ace0') in 0.0015095 seconds
Number of updated asset objects reloaded before import = 0Number of asset objects unloaded after import = 0

========================================================================
Received Prepare
Begin MonoManager ReloadAssembly
- Loaded All Assemblies, in  1.383 seconds
Refreshing native plugins compatible for Editor in 2.98 ms, found 3 plugins.
Native extension for WindowsStandalone target not found
Mono: successfully reloaded assembly
- Finished resetting the current domain, in  1.452 seconds
Domain Reload Profiling: 2831ms
	BeginReloadAssembly (393ms)
		ExecutionOrderSort (0ms)
		DisableScriptedObjects (14ms)
		BackupInstance (0ms)
		ReleaseScriptingObjects (0ms)
		CreateAndSetChildDomain (83ms)
	RebuildCommonClasses (69ms)
	RebuildNativeTypeToScriptingClass (19ms)
	initialDomainReloadingComplete (63ms)
	LoadAllAssembliesAndSetupDomain (835ms)
		LoadAssemblies (731ms)
		RebuildTransferFunctionScriptingTraits (0ms)
		AnalyzeDomain (327ms)
			TypeCache.Refresh (21ms)
				TypeCache.ScanAssembly (1ms)
			BuildScriptInfoCaches (284ms)
			ResolveRequiredComponents (14ms)
	FinalizeReload (1452ms)
		ReleaseScriptCaches (0ms)
		RebuildScriptCaches (0ms)
		SetupLoadedEditorAssemblies (1077ms)
			LogAssemblyErrors (0ms)
			InitializePlatformSupportModulesInManaged (4ms)
			SetLoadedEditorAssemblies (6ms)
			BeforeProcessingInitializeOnLoad (196ms)
			ProcessInitializeOnLoadAttributes (754ms)
			ProcessInitializeOnLoadMethodAttributes (108ms)
			AfterProcessingInitializeOnLoad (9ms)
			EditorAssembliesLoaded (0ms)
		ExecutionOrderSort2 (0ms)
		AwakeInstancesAfterBackupRestoration (23ms)
Refreshing native plugins compatible for Editor in 2.18 ms, found 3 plugins.
Preloading 0 native plugins for Editor in 0.00 ms.
Unloading 13 Unused Serialized files (Serialized files now loaded: 0)
Unloading 5947 unused Assets / (4.2 MB). Loaded Objects now: 6671.
Memory consumption went from 139.7 MB to 135.5 MB.
Total: 18.922800 ms (FindLiveObjects: 1.984600 ms CreateObjectMapping: 1.980800 ms MarkObjects: 10.087900 ms  DeleteObjects: 4.865200 ms)

Prepare: number of updated asset objects reloaded= 0
========================================================================
Received Prepare
Refreshing native plugins compatible for Editor in 2.73 ms, found 3 plugins.
Preloading 0 native plugins for Editor in 0.00 ms.
Unloading 13 Unused Serialized files (Serialized files now loaded: 0)
Unloading 5940 unused Assets / (4.2 MB). Loaded Objects now: 6671.
Memory consumption went from 139.8 MB to 135.6 MB.
Total: 18.628000 ms (FindLiveObjects: 1.158000 ms CreateObjectMapping: 1.012800 ms MarkObjects: 9.745000 ms  DeleteObjects: 6.709800 ms)

Prepare: number of updated asset objects reloaded= 0
========================================================================
Received Prepare
Refreshing native plugins compatible for Editor in 6.54 ms, found 3 plugins.
Preloading 0 native plugins for Editor in 0.00 ms.
Unloading 13 Unused Serialized files (Serialized files now loaded: 0)
Unloading 5940 unused Assets / (4.0 MB). Loaded Objects now: 6671.
Memory consumption went from 139.8 MB to 135.9 MB.
Total: 52.268200 ms (FindLiveObjects: 2.148900 ms CreateObjectMapping: 6.321400 ms MarkObjects: 28.504800 ms  DeleteObjects: 15.289800 ms)

Prepare: number of updated asset objects reloaded= 0
========================================================================
Received Prepare
Begin MonoManager ReloadAssembly
- Loaded All Assemblies, in  1.323 seconds
Refreshing native plugins compatible for Editor in 2.02 ms, found 3 plugins.
Native extension for WindowsStandalone target not found
Mono: successfully reloaded assembly
- Finished resetting the current domain, in  1.160 seconds
Domain Reload Profiling: 2479ms
	BeginReloadAssembly (294ms)
		ExecutionOrderSort (0ms)
		DisableScriptedObjects (8ms)
		BackupInstance (0ms)
		ReleaseScriptingObjects (0ms)
		CreateAndSetChildDomain (74ms)
	RebuildCommonClasses (58ms)
	RebuildNativeTypeToScriptingClass (19ms)
	initialDomainReloadingComplete (50ms)
	LoadAllAssembliesAndSetupDomain (896ms)
		LoadAssemblies (727ms)
		RebuildTransferFunctionScriptingTraits (0ms)
		AnalyzeDomain (325ms)
			TypeCache.Refresh (13ms)
				TypeCache.ScanAssembly (0ms)
			BuildScriptInfoCaches (287ms)
			ResolveRequiredComponents (16ms)
	FinalizeReload (1161ms)
		ReleaseScriptCaches (0ms)
		RebuildScriptCaches (0ms)
		SetupLoadedEditorAssemblies (799ms)
			LogAssemblyErrors (0ms)
			InitializePlatformSupportModulesInManaged (4ms)
			SetLoadedEditorAssemblies (8ms)
			BeforeProcessingInitializeOnLoad (168ms)
			ProcessInitializeOnLoadAttributes (510ms)
			ProcessInitializeOnLoadMethodAttributes (95ms)
			AfterProcessingInitializeOnLoad (13ms)
			EditorAssembliesLoaded (1ms)
		ExecutionOrderSort2 (0ms)
		AwakeInstancesAfterBackupRestoration (23ms)
Refreshing native plugins compatible for Editor in 2.27 ms, found 3 plugins.
Preloading 0 native plugins for Editor in 0.00 ms.
Unloading 13 Unused Serialized files (Serialized files now loaded: 0)
Unloading 5947 unused Assets / (5.1 MB). Loaded Objects now: 6673.
Memory consumption went from 139.7 MB to 134.6 MB.
Total: 21.111200 ms (FindLiveObjects: 1.490600 ms CreateObjectMapping: 2.063900 ms MarkObjects: 10.262500 ms  DeleteObjects: 7.291200 ms)

Prepare: number of updated asset objects reloaded= 0
========================================================================
Received Import Request.
  Time since last request: 706.833982 seconds.
  path: Assets/Models/Material.024.mat
  artifactKey: Guid(a50b4790d0ffb2c4c8b7df5206f6a47a) Importer(815301076,1909f56bfc062723c751e8b465ee728b)
Couldn't register non-exiting asset root folder: 'Library/BuildInstructions'
AssetDatabase failed to register asset folder Library/BuildInstructions
Start importing Assets/Models/Material.024.mat using Guid(a50b4790d0ffb2c4c8b7df5206f6a47a) Importer(815301076,1909f56bfc062723c751e8b465ee728b) (PreviewImporter) -> (artifact id: '00000000000000000000000000000000') in 0.6028016 seconds
Import Error Code:(4)
Message: Build asset version error: assets/models/material.024.mat in SourceAssetDB has modification time of '2025-05-23T18:55:39.9160333Z' while content on disk has modification time of '0001-01-01T00:00:00Z' with error code 2
Stacktrace:
0x00007ffdc5929dbd (Unity) StackWalker::ShowCallstack
0x00007ffdc5939d79 (Unity) PlatformStacktrace::GetStacktrace
0x00007ffdc6ba8bbe (Unity) Stacktrace::GetStacktrace
0x00007ffdc6de5575 (Unity) GetAssetHashAndValidate
0x00007ffdc6de3d75 (Unity) AssetVersionBuilder::BuildHashOfSourceAssetArray
0x00007ffdc6de1efe (Unity) AssetVersionBuilder::BuildAssetVersion
0x00007ffdc6e20a53 (Unity) CreateAssetVersionBuilder
0x00007ffdc6e28460 (Unity) ImportToObjects
0x00007ffdc6e27098 (Unity) ImportAsset
0x00007ffdc6dc4af1 (Unity) AssetImportWorker::Import
0x00007ffdc6d76824 (Unity) <lambda_319826b16fd6fd0002c11364be971df3>::operator()
0x00007ffdc6e5b6de (Unity) asio::detail::completion_handler<core::mutable_function<void __cdecl(void)>,asio::io_context::basic_executor_type<std::allocator<void>,0> >::do_complete
0x00007ffdc6e48f6a (Unity) asio::detail::win_iocp_io_context::do_one
0x00007ffdc6e4a2d4 (Unity) asio::detail::win_iocp_io_context::run
0x00007ffdc6e59cfc (Unity) IOService::Run
0x00007ffdc6da2026 (Unity) RunAssetImportWorkerClientV2
0x00007ffdc6da20eb (Unity) RunAssetImporterV2
0x00007ffdc65aae78 (Unity) Application::InitializeProject
0x00007ffdc6bb31b5 (Unity) UnityMain
0x00007ff7f4162fba (Unity) __scrt_common_main_seh
0x00007ffe7f2ae8d7 (KERNEL32) BaseThreadInitThunk
0x00007ffe8013c5dc (ntdll) RtlUserThreadStart

  ERROR: Build asset version error: assets/models/material.024.mat in SourceAssetDB has modification time of '2025-05-23T18:55:39.9160333Z' while content on disk has modification time of '0001-01-01T00:00:00Z' with error code 2
Stacktrace:
0x00007ffdc5929dbd (Unity) StackWalker::ShowCallstack
0x00007ffdc5939d79 (Unity) PlatformStacktrace::GetStacktrace
0x00007ffdc6ba8bbe (Unity) Stacktrace::GetStacktrace
0x00007ffdc6de5575 (Unity) GetAssetHashAndValidate
0x00007ffdc6de3d75 (Unity) AssetVersionBuilder::BuildHashOfSourceAssetArray
0x00007ffdc6de1efe (Unity) AssetVersionBuilder::BuildAssetVersion
0x00007ffdc6e20a53 (Unity) CreateAssetVersionBuilder
0x00007ffdc6e28460 (Unity) ImportToObjects
0x00007ffdc6e27098 (Unity) ImportAsset
0x00007ffdc6dc4af1 (Unity) AssetImportWorker::Import
0x00007ffdc6d76824 (Unity) <lambda_319826b16fd6fd0002c11364be971df3>::operator()
0x00007ffdc6e5b6de (Unity) asio::detail::completion_handler<core::mutable_function<void __cdecl(void)>,asio::io_context::basic_executor_type<std::allocator<void>,0> >::do_complete
0x00007ffdc6e48f6a (Unity) asio::detail::win_iocp_io_context::do_one
0x00007ffdc6e4a2d4 (Unity) asio::detail::win_iocp_io_context::run
0x00007ffdc6e59cfc (Unity) IOService::Run
0x00007ffdc6da2026 (Unity) RunAssetImportWorkerClientV2
0x00007ffdc6da20eb (Unity) RunAssetImporterV2
0x00007ffdc65aae78 (Unity) Application::InitializeProject
0x00007ffdc6bb31b5 (Unity) UnityMain
0x00007ff7f4162fba (Unity) __scrt_common_main_seh
0x00007ffe7f2ae8d7 (KERNEL32) BaseThreadInitThunk
0x00007ffe8013c5dc (ntdll) RtlUserThreadStart

Number of updated asset objects reloaded before import = 0Number of asset objects unloaded after import = 0

========================================================================
Received Import Request.
  Time since last request: 0.000037 seconds.
  path: Assets/Models/Material.024.mat
  artifactKey: Guid(a50b4790d0ffb2c4c8b7df5206f6a47a) Importer(815301076,1909f56bfc062723c751e8b465ee728b)
Start importing Assets/Models/Material.024.mat using Guid(a50b4790d0ffb2c4c8b7df5206f6a47a) Importer(815301076,1909f56bfc062723c751e8b465ee728b) (PreviewImporter) -> (artifact id: '00000000000000000000000000000000') in 0.0025532 seconds
Import Error Code:(4)
Message: Build asset version error: assets/models/material.024.mat in SourceAssetDB has modification time of '2025-05-23T18:55:39.9160333Z' while content on disk has modification time of '0001-01-01T00:00:00Z' with error code 2
Stacktrace:
0x00007ffdc5929dbd (Unity) StackWalker::ShowCallstack
0x00007ffdc5939d79 (Unity) PlatformStacktrace::GetStacktrace
0x00007ffdc6ba8bbe (Unity) Stacktrace::GetStacktrace
0x00007ffdc6de5575 (Unity) GetAssetHashAndValidate
0x00007ffdc6de3d75 (Unity) AssetVersionBuilder::BuildHashOfSourceAssetArray
0x00007ffdc6de1efe (Unity) AssetVersionBuilder::BuildAssetVersion
0x00007ffdc6e20a53 (Unity) CreateAssetVersionBuilder
0x00007ffdc6e28460 (Unity) ImportToObjects
0x00007ffdc6e27098 (Unity) ImportAsset
0x00007ffdc6dc4af1 (Unity) AssetImportWorker::Import
0x00007ffdc6d76824 (Unity) <lambda_319826b16fd6fd0002c11364be971df3>::operator()
0x00007ffdc6e5b6de (Unity) asio::detail::completion_handler<core::mutable_function<void __cdecl(void)>,asio::io_context::basic_executor_type<std::allocator<void>,0> >::do_complete
0x00007ffdc6e48f6a (Unity) asio::detail::win_iocp_io_context::do_one
0x00007ffdc6e4a2d4 (Unity) asio::detail::win_iocp_io_context::run
0x00007ffdc6e59cfc (Unity) IOService::Run
0x00007ffdc6da2026 (Unity) RunAssetImportWorkerClientV2
0x00007ffdc6da20eb (Unity) RunAssetImporterV2
0x00007ffdc65aae78 (Unity) Application::InitializeProject
0x00007ffdc6bb31b5 (Unity) UnityMain
0x00007ff7f4162fba (Unity) __scrt_common_main_seh
0x00007ffe7f2ae8d7 (KERNEL32) BaseThreadInitThunk
0x00007ffe8013c5dc (ntdll) RtlUserThreadStart

  ERROR: Build asset version error: assets/models/material.024.mat in SourceAssetDB has modification time of '2025-05-23T18:55:39.9160333Z' while content on disk has modification time of '0001-01-01T00:00:00Z' with error code 2
Stacktrace:
0x00007ffdc5929dbd (Unity) StackWalker::ShowCallstack
0x00007ffdc5939d79 (Unity) PlatformStacktrace::GetStacktrace
0x00007ffdc6ba8bbe (Unity) Stacktrace::GetStacktrace
0x00007ffdc6de5575 (Unity) GetAssetHashAndValidate
0x00007ffdc6de3d75 (Unity) AssetVersionBuilder::BuildHashOfSourceAssetArray
0x00007ffdc6de1efe (Unity) AssetVersionBuilder::BuildAssetVersion
0x00007ffdc6e20a53 (Unity) CreateAssetVersionBuilder
0x00007ffdc6e28460 (Unity) ImportToObjects
0x00007ffdc6e27098 (Unity) ImportAsset
0x00007ffdc6dc4af1 (Unity) AssetImportWorker::Import
0x00007ffdc6d76824 (Unity) <lambda_319826b16fd6fd0002c11364be971df3>::operator()
0x00007ffdc6e5b6de (Unity) asio::detail::completion_handler<core::mutable_function<void __cdecl(void)>,asio::io_context::basic_executor_type<std::allocator<void>,0> >::do_complete
0x00007ffdc6e48f6a (Unity) asio::detail::win_iocp_io_context::do_one
0x00007ffdc6e4a2d4 (Unity) asio::detail::win_iocp_io_context::run
0x00007ffdc6e59cfc (Unity) IOService::Run
0x00007ffdc6da2026 (Unity) RunAssetImportWorkerClientV2
0x00007ffdc6da20eb (Unity) RunAssetImporterV2
0x00007ffdc65aae78 (Unity) Application::InitializeProject
0x00007ffdc6bb31b5 (Unity) UnityMain
0x00007ff7f4162fba (Unity) __scrt_common_main_seh
0x00007ffe7f2ae8d7 (KERNEL32) BaseThreadInitThunk
0x00007ffe8013c5dc (ntdll) RtlUserThreadStart

Number of updated asset objects reloaded before import = 0Number of asset objects unloaded after import = 0

========================================================================
Received Import Request.
  Time since last request: 0.013945 seconds.
  path: Assets/Models/Material.024.mat
  artifactKey: Guid(a50b4790d0ffb2c4c8b7df5206f6a47a) Importer(815301076,1909f56bfc062723c751e8b465ee728b)
Start importing Assets/Models/Material.024.mat using Guid(a50b4790d0ffb2c4c8b7df5206f6a47a) Importer(815301076,1909f56bfc062723c751e8b465ee728b) (PreviewImporter) -> (artifact id: '00000000000000000000000000000000') in 0.0018116 seconds
Import Error Code:(4)
Message: Build asset version error: assets/models/material.024.mat in SourceAssetDB has modification time of '2025-05-23T18:55:39.9160333Z' while content on disk has modification time of '0001-01-01T00:00:00Z' with error code 2
Stacktrace:
0x00007ffdc5929dbd (Unity) StackWalker::ShowCallstack
0x00007ffdc5939d79 (Unity) PlatformStacktrace::GetStacktrace
0x00007ffdc6ba8bbe (Unity) Stacktrace::GetStacktrace
0x00007ffdc6de5575 (Unity) GetAssetHashAndValidate
0x00007ffdc6de3d75 (Unity) AssetVersionBuilder::BuildHashOfSourceAssetArray
0x00007ffdc6de1efe (Unity) AssetVersionBuilder::BuildAssetVersion
0x00007ffdc6e20a53 (Unity) CreateAssetVersionBuilder
0x00007ffdc6e28460 (Unity) ImportToObjects
0x00007ffdc6e27098 (Unity) ImportAsset
0x00007ffdc6dc4af1 (Unity) AssetImportWorker::Import
0x00007ffdc6d76824 (Unity) <lambda_319826b16fd6fd0002c11364be971df3>::operator()
0x00007ffdc6e5b6de (Unity) asio::detail::completion_handler<core::mutable_function<void __cdecl(void)>,asio::io_context::basic_executor_type<std::allocator<void>,0> >::do_complete
0x00007ffdc6e48f6a (Unity) asio::detail::win_iocp_io_context::do_one
0x00007ffdc6e4a2d4 (Unity) asio::detail::win_iocp_io_context::run
0x00007ffdc6e59cfc (Unity) IOService::Run
0x00007ffdc6da2026 (Unity) RunAssetImportWorkerClientV2
0x00007ffdc6da20eb (Unity) RunAssetImporterV2
0x00007ffdc65aae78 (Unity) Application::InitializeProject
0x00007ffdc6bb31b5 (Unity) UnityMain
0x00007ff7f4162fba (Unity) __scrt_common_main_seh
0x00007ffe7f2ae8d7 (KERNEL32) BaseThreadInitThunk
0x00007ffe8013c5dc (ntdll) RtlUserThreadStart

  ERROR: Build asset version error: assets/models/material.024.mat in SourceAssetDB has modification time of '2025-05-23T18:55:39.9160333Z' while content on disk has modification time of '0001-01-01T00:00:00Z' with error code 2
Stacktrace:
0x00007ffdc5929dbd (Unity) StackWalker::ShowCallstack
0x00007ffdc5939d79 (Unity) PlatformStacktrace::GetStacktrace
0x00007ffdc6ba8bbe (Unity) Stacktrace::GetStacktrace
0x00007ffdc6de5575 (Unity) GetAssetHashAndValidate
0x00007ffdc6de3d75 (Unity) AssetVersionBuilder::BuildHashOfSourceAssetArray
0x00007ffdc6de1efe (Unity) AssetVersionBuilder::BuildAssetVersion
0x00007ffdc6e20a53 (Unity) CreateAssetVersionBuilder
0x00007ffdc6e28460 (Unity) ImportToObjects
0x00007ffdc6e27098 (Unity) ImportAsset
0x00007ffdc6dc4af1 (Unity) AssetImportWorker::Import
0x00007ffdc6d76824 (Unity) <lambda_319826b16fd6fd0002c11364be971df3>::operator()
0x00007ffdc6e5b6de (Unity) asio::detail::completion_handler<core::mutable_function<void __cdecl(void)>,asio::io_context::basic_executor_type<std::allocator<void>,0> >::do_complete
0x00007ffdc6e48f6a (Unity) asio::detail::win_iocp_io_context::do_one
0x00007ffdc6e4a2d4 (Unity) asio::detail::win_iocp_io_context::run
0x00007ffdc6e59cfc (Unity) IOService::Run
0x00007ffdc6da2026 (Unity) RunAssetImportWorkerClientV2
0x00007ffdc6da20eb (Unity) RunAssetImporterV2
0x00007ffdc65aae78 (Unity) Application::InitializeProject
0x00007ffdc6bb31b5 (Unity) UnityMain
0x00007ff7f4162fba (Unity) __scrt_common_main_seh
0x00007ffe7f2ae8d7 (KERNEL32) BaseThreadInitThunk
0x00007ffe8013c5dc (ntdll) RtlUserThreadStart

Number of updated asset objects reloaded before import = 0Number of asset objects unloaded after import = 0

========================================================================
Received Import Request.
  Time since last request: 0.000037 seconds.
  path: Assets/Models/Material.024.mat
  artifactKey: Guid(a50b4790d0ffb2c4c8b7df5206f6a47a) Importer(815301076,1909f56bfc062723c751e8b465ee728b)
Start importing Assets/Models/Material.024.mat using Guid(a50b4790d0ffb2c4c8b7df5206f6a47a) Importer(815301076,1909f56bfc062723c751e8b465ee728b) (PreviewImporter) -> (artifact id: '00000000000000000000000000000000') in 0.0023357 seconds
Import Error Code:(4)
Message: Build asset version error: assets/models/material.024.mat in SourceAssetDB has modification time of '2025-05-23T18:55:39.9160333Z' while content on disk has modification time of '0001-01-01T00:00:00Z' with error code 2
Stacktrace:
0x00007ffdc5929dbd (Unity) StackWalker::ShowCallstack
0x00007ffdc5939d79 (Unity) PlatformStacktrace::GetStacktrace
0x00007ffdc6ba8bbe (Unity) Stacktrace::GetStacktrace
0x00007ffdc6de5575 (Unity) GetAssetHashAndValidate
0x00007ffdc6de3d75 (Unity) AssetVersionBuilder::BuildHashOfSourceAssetArray
0x00007ffdc6de1efe (Unity) AssetVersionBuilder::BuildAssetVersion
0x00007ffdc6e20a53 (Unity) CreateAssetVersionBuilder
0x00007ffdc6e28460 (Unity) ImportToObjects
0x00007ffdc6e27098 (Unity) ImportAsset
0x00007ffdc6dc4af1 (Unity) AssetImportWorker::Import
0x00007ffdc6d76824 (Unity) <lambda_319826b16fd6fd0002c11364be971df3>::operator()
0x00007ffdc6e5b6de (Unity) asio::detail::completion_handler<core::mutable_function<void __cdecl(void)>,asio::io_context::basic_executor_type<std::allocator<void>,0> >::do_complete
0x00007ffdc6e48f6a (Unity) asio::detail::win_iocp_io_context::do_one
0x00007ffdc6e4a2d4 (Unity) asio::detail::win_iocp_io_context::run
0x00007ffdc6e59cfc (Unity) IOService::Run
0x00007ffdc6da2026 (Unity) RunAssetImportWorkerClientV2
0x00007ffdc6da20eb (Unity) RunAssetImporterV2
0x00007ffdc65aae78 (Unity) Application::InitializeProject
0x00007ffdc6bb31b5 (Unity) UnityMain
0x00007ff7f4162fba (Unity) __scrt_common_main_seh
0x00007ffe7f2ae8d7 (KERNEL32) BaseThreadInitThunk
0x00007ffe8013c5dc (ntdll) RtlUserThreadStart

  ERROR: Build asset version error: assets/models/material.024.mat in SourceAssetDB has modification time of '2025-05-23T18:55:39.9160333Z' while content on disk has modification time of '0001-01-01T00:00:00Z' with error code 2
Stacktrace:
0x00007ffdc5929dbd (Unity) StackWalker::ShowCallstack
0x00007ffdc5939d79 (Unity) PlatformStacktrace::GetStacktrace
0x00007ffdc6ba8bbe (Unity) Stacktrace::GetStacktrace
0x00007ffdc6de5575 (Unity) GetAssetHashAndValidate
0x00007ffdc6de3d75 (Unity) AssetVersionBuilder::BuildHashOfSourceAssetArray
0x00007ffdc6de1efe (Unity) AssetVersionBuilder::BuildAssetVersion
0x00007ffdc6e20a53 (Unity) CreateAssetVersionBuilder
0x00007ffdc6e28460 (Unity) ImportToObjects
0x00007ffdc6e27098 (Unity) ImportAsset
0x00007ffdc6dc4af1 (Unity) AssetImportWorker::Import
0x00007ffdc6d76824 (Unity) <lambda_319826b16fd6fd0002c11364be971df3>::operator()
0x00007ffdc6e5b6de (Unity) asio::detail::completion_handler<core::mutable_function<void __cdecl(void)>,asio::io_context::basic_executor_type<std::allocator<void>,0> >::do_complete
0x00007ffdc6e48f6a (Unity) asio::detail::win_iocp_io_context::do_one
0x00007ffdc6e4a2d4 (Unity) asio::detail::win_iocp_io_context::run
0x00007ffdc6e59cfc (Unity) IOService::Run
0x00007ffdc6da2026 (Unity) RunAssetImportWorkerClientV2
0x00007ffdc6da20eb (Unity) RunAssetImporterV2
0x00007ffdc65aae78 (Unity) Application::InitializeProject
0x00007ffdc6bb31b5 (Unity) UnityMain
0x00007ff7f4162fba (Unity) __scrt_common_main_seh
0x00007ffe7f2ae8d7 (KERNEL32) BaseThreadInitThunk
0x00007ffe8013c5dc (ntdll) RtlUserThreadStart

Number of updated asset objects reloaded before import = 0Number of asset objects unloaded after import = 0

========================================================================
Received Import Request.
  Time since last request: 0.012876 seconds.
  path: Assets/Models/Material.024.mat
  artifactKey: Guid(a50b4790d0ffb2c4c8b7df5206f6a47a) Importer(815301076,1909f56bfc062723c751e8b465ee728b)
Start importing Assets/Models/Material.024.mat using Guid(a50b4790d0ffb2c4c8b7df5206f6a47a) Importer(815301076,1909f56bfc062723c751e8b465ee728b) (PreviewImporter) -> (artifact id: '00000000000000000000000000000000') in 0.0018492 seconds
Import Error Code:(4)
Message: Build asset version error: assets/models/material.024.mat in SourceAssetDB has modification time of '2025-05-23T18:55:39.9160333Z' while content on disk has modification time of '0001-01-01T00:00:00Z' with error code 2
Stacktrace:
0x00007ffdc5929dbd (Unity) StackWalker::ShowCallstack
0x00007ffdc5939d79 (Unity) PlatformStacktrace::GetStacktrace
0x00007ffdc6ba8bbe (Unity) Stacktrace::GetStacktrace
0x00007ffdc6de5575 (Unity) GetAssetHashAndValidate
0x00007ffdc6de3d75 (Unity) AssetVersionBuilder::BuildHashOfSourceAssetArray
0x00007ffdc6de1efe (Unity) AssetVersionBuilder::BuildAssetVersion
0x00007ffdc6e20a53 (Unity) CreateAssetVersionBuilder
0x00007ffdc6e28460 (Unity) ImportToObjects
0x00007ffdc6e27098 (Unity) ImportAsset
0x00007ffdc6dc4af1 (Unity) AssetImportWorker::Import
0x00007ffdc6d76824 (Unity) <lambda_319826b16fd6fd0002c11364be971df3>::operator()
0x00007ffdc6e5b6de (Unity) asio::detail::completion_handler<core::mutable_function<void __cdecl(void)>,asio::io_context::basic_executor_type<std::allocator<void>,0> >::do_complete
0x00007ffdc6e48f6a (Unity) asio::detail::win_iocp_io_context::do_one
0x00007ffdc6e4a2d4 (Unity) asio::detail::win_iocp_io_context::run
0x00007ffdc6e59cfc (Unity) IOService::Run
0x00007ffdc6da2026 (Unity) RunAssetImportWorkerClientV2
0x00007ffdc6da20eb (Unity) RunAssetImporterV2
0x00007ffdc65aae78 (Unity) Application::InitializeProject
0x00007ffdc6bb31b5 (Unity) UnityMain
0x00007ff7f4162fba (Unity) __scrt_common_main_seh
0x00007ffe7f2ae8d7 (KERNEL32) BaseThreadInitThunk
0x00007ffe8013c5dc (ntdll) RtlUserThreadStart

  ERROR: Build asset version error: assets/models/material.024.mat in SourceAssetDB has modification time of '2025-05-23T18:55:39.9160333Z' while content on disk has modification time of '0001-01-01T00:00:00Z' with error code 2
Stacktrace:
0x00007ffdc5929dbd (Unity) StackWalker::ShowCallstack
0x00007ffdc5939d79 (Unity) PlatformStacktrace::GetStacktrace
0x00007ffdc6ba8bbe (Unity) Stacktrace::GetStacktrace
0x00007ffdc6de5575 (Unity) GetAssetHashAndValidate
0x00007ffdc6de3d75 (Unity) AssetVersionBuilder::BuildHashOfSourceAssetArray
0x00007ffdc6de1efe (Unity) AssetVersionBuilder::BuildAssetVersion
0x00007ffdc6e20a53 (Unity) CreateAssetVersionBuilder
0x00007ffdc6e28460 (Unity) ImportToObjects
0x00007ffdc6e27098 (Unity) ImportAsset
0x00007ffdc6dc4af1 (Unity) AssetImportWorker::Import
0x00007ffdc6d76824 (Unity) <lambda_319826b16fd6fd0002c11364be971df3>::operator()
0x00007ffdc6e5b6de (Unity) asio::detail::completion_handler<core::mutable_function<void __cdecl(void)>,asio::io_context::basic_executor_type<std::allocator<void>,0> >::do_complete
0x00007ffdc6e48f6a (Unity) asio::detail::win_iocp_io_context::do_one
0x00007ffdc6e4a2d4 (Unity) asio::detail::win_iocp_io_context::run
0x00007ffdc6e59cfc (Unity) IOService::Run
0x00007ffdc6da2026 (Unity) RunAssetImportWorkerClientV2
0x00007ffdc6da20eb (Unity) RunAssetImporterV2
0x00007ffdc65aae78 (Unity) Application::InitializeProject
0x00007ffdc6bb31b5 (Unity) UnityMain
0x00007ff7f4162fba (Unity) __scrt_common_main_seh
0x00007ffe7f2ae8d7 (KERNEL32) BaseThreadInitThunk
0x00007ffe8013c5dc (ntdll) RtlUserThreadStart

Number of updated asset objects reloaded before import = 0Number of asset objects unloaded after import = 0

========================================================================
Received Import Request.
  Time since last request: 0.000055 seconds.
  path: Assets/Models/Material.024.mat
  artifactKey: Guid(a50b4790d0ffb2c4c8b7df5206f6a47a) Importer(815301076,1909f56bfc062723c751e8b465ee728b)
Start importing Assets/Models/Material.024.mat using Guid(a50b4790d0ffb2c4c8b7df5206f6a47a) Importer(815301076,1909f56bfc062723c751e8b465ee728b) (PreviewImporter) -> (artifact id: '00000000000000000000000000000000') in 0.0018125 seconds
Import Error Code:(4)
Message: Build asset version error: assets/models/material.024.mat in SourceAssetDB has modification time of '2025-05-23T18:55:39.9160333Z' while content on disk has modification time of '0001-01-01T00:00:00Z' with error code 2
Stacktrace:
0x00007ffdc5929dbd (Unity) StackWalker::ShowCallstack
0x00007ffdc5939d79 (Unity) PlatformStacktrace::GetStacktrace
0x00007ffdc6ba8bbe (Unity) Stacktrace::GetStacktrace
0x00007ffdc6de5575 (Unity) GetAssetHashAndValidate
0x00007ffdc6de3d75 (Unity) AssetVersionBuilder::BuildHashOfSourceAssetArray
0x00007ffdc6de1efe (Unity) AssetVersionBuilder::BuildAssetVersion
0x00007ffdc6e20a53 (Unity) CreateAssetVersionBuilder
0x00007ffdc6e28460 (Unity) ImportToObjects
0x00007ffdc6e27098 (Unity) ImportAsset
0x00007ffdc6dc4af1 (Unity) AssetImportWorker::Import
0x00007ffdc6d76824 (Unity) <lambda_319826b16fd6fd0002c11364be971df3>::operator()
0x00007ffdc6e5b6de (Unity) asio::detail::completion_handler<core::mutable_function<void __cdecl(void)>,asio::io_context::basic_executor_type<std::allocator<void>,0> >::do_complete
0x00007ffdc6e48f6a (Unity) asio::detail::win_iocp_io_context::do_one
0x00007ffdc6e4a2d4 (Unity) asio::detail::win_iocp_io_context::run
0x00007ffdc6e59cfc (Unity) IOService::Run
0x00007ffdc6da2026 (Unity) RunAssetImportWorkerClientV2
0x00007ffdc6da20eb (Unity) RunAssetImporterV2
0x00007ffdc65aae78 (Unity) Application::InitializeProject
0x00007ffdc6bb31b5 (Unity) UnityMain
0x00007ff7f4162fba (Unity) __scrt_common_main_seh
0x00007ffe7f2ae8d7 (KERNEL32) BaseThreadInitThunk
0x00007ffe8013c5dc (ntdll) RtlUserThreadStart

  ERROR: Build asset version error: assets/models/material.024.mat in SourceAssetDB has modification time of '2025-05-23T18:55:39.9160333Z' while content on disk has modification time of '0001-01-01T00:00:00Z' with error code 2
Stacktrace:
0x00007ffdc5929dbd (Unity) StackWalker::ShowCallstack
0x00007ffdc5939d79 (Unity) PlatformStacktrace::GetStacktrace
0x00007ffdc6ba8bbe (Unity) Stacktrace::GetStacktrace
0x00007ffdc6de5575 (Unity) GetAssetHashAndValidate
0x00007ffdc6de3d75 (Unity) AssetVersionBuilder::BuildHashOfSourceAssetArray
0x00007ffdc6de1efe (Unity) AssetVersionBuilder::BuildAssetVersion
0x00007ffdc6e20a53 (Unity) CreateAssetVersionBuilder
0x00007ffdc6e28460 (Unity) ImportToObjects
0x00007ffdc6e27098 (Unity) ImportAsset
0x00007ffdc6dc4af1 (Unity) AssetImportWorker::Import
0x00007ffdc6d76824 (Unity) <lambda_319826b16fd6fd0002c11364be971df3>::operator()
0x00007ffdc6e5b6de (Unity) asio::detail::completion_handler<core::mutable_function<void __cdecl(void)>,asio::io_context::basic_executor_type<std::allocator<void>,0> >::do_complete
0x00007ffdc6e48f6a (Unity) asio::detail::win_iocp_io_context::do_one
0x00007ffdc6e4a2d4 (Unity) asio::detail::win_iocp_io_context::run
0x00007ffdc6e59cfc (Unity) IOService::Run
0x00007ffdc6da2026 (Unity) RunAssetImportWorkerClientV2
0x00007ffdc6da20eb (Unity) RunAssetImporterV2
0x00007ffdc65aae78 (Unity) Application::InitializeProject
0x00007ffdc6bb31b5 (Unity) UnityMain
0x00007ff7f4162fba (Unity) __scrt_common_main_seh
0x00007ffe7f2ae8d7 (KERNEL32) BaseThreadInitThunk
0x00007ffe8013c5dc (ntdll) RtlUserThreadStart

Number of updated asset objects reloaded before import = 0Number of asset objects unloaded after import = 0

========================================================================
Received Import Request.
  Time since last request: 0.000034 seconds.
  path: Assets/Models/Material.024.mat
  artifactKey: Guid(a50b4790d0ffb2c4c8b7df5206f6a47a) Importer(815301076,1909f56bfc062723c751e8b465ee728b)
Start importing Assets/Models/Material.024.mat using Guid(a50b4790d0ffb2c4c8b7df5206f6a47a) Importer(815301076,1909f56bfc062723c751e8b465ee728b) (PreviewImporter) -> (artifact id: '00000000000000000000000000000000') in 0.0022671 seconds
Import Error Code:(4)
Message: Build asset version error: assets/models/material.024.mat in SourceAssetDB has modification time of '2025-05-23T18:55:39.9160333Z' while content on disk has modification time of '0001-01-01T00:00:00Z' with error code 2
Stacktrace:
0x00007ffdc5929dbd (Unity) StackWalker::ShowCallstack
0x00007ffdc5939d79 (Unity) PlatformStacktrace::GetStacktrace
0x00007ffdc6ba8bbe (Unity) Stacktrace::GetStacktrace
0x00007ffdc6de5575 (Unity) GetAssetHashAndValidate
0x00007ffdc6de3d75 (Unity) AssetVersionBuilder::BuildHashOfSourceAssetArray
0x00007ffdc6de1efe (Unity) AssetVersionBuilder::BuildAssetVersion
0x00007ffdc6e20a53 (Unity) CreateAssetVersionBuilder
0x00007ffdc6e28460 (Unity) ImportToObjects
0x00007ffdc6e27098 (Unity) ImportAsset
0x00007ffdc6dc4af1 (Unity) AssetImportWorker::Import
0x00007ffdc6d76824 (Unity) <lambda_319826b16fd6fd0002c11364be971df3>::operator()
0x00007ffdc6e5b6de (Unity) asio::detail::completion_handler<core::mutable_function<void __cdecl(void)>,asio::io_context::basic_executor_type<std::allocator<void>,0> >::do_complete
0x00007ffdc6e48f6a (Unity) asio::detail::win_iocp_io_context::do_one
0x00007ffdc6e4a2d4 (Unity) asio::detail::win_iocp_io_context::run
0x00007ffdc6e59cfc (Unity) IOService::Run
0x00007ffdc6da2026 (Unity) RunAssetImportWorkerClientV2
0x00007ffdc6da20eb (Unity) RunAssetImporterV2
0x00007ffdc65aae78 (Unity) Application::InitializeProject
0x00007ffdc6bb31b5 (Unity) UnityMain
0x00007ff7f4162fba (Unity) __scrt_common_main_seh
0x00007ffe7f2ae8d7 (KERNEL32) BaseThreadInitThunk
0x00007ffe8013c5dc (ntdll) RtlUserThreadStart

  ERROR: Build asset version error: assets/models/material.024.mat in SourceAssetDB has modification time of '2025-05-23T18:55:39.9160333Z' while content on disk has modification time of '0001-01-01T00:00:00Z' with error code 2
Stacktrace:
0x00007ffdc5929dbd (Unity) StackWalker::ShowCallstack
0x00007ffdc5939d79 (Unity) PlatformStacktrace::GetStacktrace
0x00007ffdc6ba8bbe (Unity) Stacktrace::GetStacktrace
0x00007ffdc6de5575 (Unity) GetAssetHashAndValidate
0x00007ffdc6de3d75 (Unity) AssetVersionBuilder::BuildHashOfSourceAssetArray
0x00007ffdc6de1efe (Unity) AssetVersionBuilder::BuildAssetVersion
0x00007ffdc6e20a53 (Unity) CreateAssetVersionBuilder
0x00007ffdc6e28460 (Unity) ImportToObjects
0x00007ffdc6e27098 (Unity) ImportAsset
0x00007ffdc6dc4af1 (Unity) AssetImportWorker::Import
0x00007ffdc6d76824 (Unity) <lambda_319826b16fd6fd0002c11364be971df3>::operator()
0x00007ffdc6e5b6de (Unity) asio::detail::completion_handler<core::mutable_function<void __cdecl(void)>,asio::io_context::basic_executor_type<std::allocator<void>,0> >::do_complete
0x00007ffdc6e48f6a (Unity) asio::detail::win_iocp_io_context::do_one
0x00007ffdc6e4a2d4 (Unity) asio::detail::win_iocp_io_context::run
0x00007ffdc6e59cfc (Unity) IOService::Run
0x00007ffdc6da2026 (Unity) RunAssetImportWorkerClientV2
0x00007ffdc6da20eb (Unity) RunAssetImporterV2
0x00007ffdc65aae78 (Unity) Application::InitializeProject
0x00007ffdc6bb31b5 (Unity) UnityMain
0x00007ff7f4162fba (Unity) __scrt_common_main_seh
0x00007ffe7f2ae8d7 (KERNEL32) BaseThreadInitThunk
0x00007ffe8013c5dc (ntdll) RtlUserThreadStart

Number of updated asset objects reloaded before import = 0Number of asset objects unloaded after import = 0

========================================================================
Received Import Request.
  Time since last request: 0.008549 seconds.
  path: Assets/Models/Material.024.mat
  artifactKey: Guid(a50b4790d0ffb2c4c8b7df5206f6a47a) Importer(815301076,1909f56bfc062723c751e8b465ee728b)
Start importing Assets/Models/Material.024.mat using Guid(a50b4790d0ffb2c4c8b7df5206f6a47a) Importer(815301076,1909f56bfc062723c751e8b465ee728b) (PreviewImporter) -> (artifact id: '00000000000000000000000000000000') in 0.0021162 seconds
Import Error Code:(4)
Message: Build asset version error: assets/models/material.024.mat in SourceAssetDB has modification time of '2025-05-23T18:55:39.9160333Z' while content on disk has modification time of '0001-01-01T00:00:00Z' with error code 2
Stacktrace:
0x00007ffdc5929dbd (Unity) StackWalker::ShowCallstack
0x00007ffdc5939d79 (Unity) PlatformStacktrace::GetStacktrace
0x00007ffdc6ba8bbe (Unity) Stacktrace::GetStacktrace
0x00007ffdc6de5575 (Unity) GetAssetHashAndValidate
0x00007ffdc6de3d75 (Unity) AssetVersionBuilder::BuildHashOfSourceAssetArray
0x00007ffdc6de1efe (Unity) AssetVersionBuilder::BuildAssetVersion
0x00007ffdc6e20a53 (Unity) CreateAssetVersionBuilder
0x00007ffdc6e28460 (Unity) ImportToObjects
0x00007ffdc6e27098 (Unity) ImportAsset
0x00007ffdc6dc4af1 (Unity) AssetImportWorker::Import
0x00007ffdc6d76824 (Unity) <lambda_319826b16fd6fd0002c11364be971df3>::operator()
0x00007ffdc6e5b6de (Unity) asio::detail::completion_handler<core::mutable_function<void __cdecl(void)>,asio::io_context::basic_executor_type<std::allocator<void>,0> >::do_complete
0x00007ffdc6e48f6a (Unity) asio::detail::win_iocp_io_context::do_one
0x00007ffdc6e4a2d4 (Unity) asio::detail::win_iocp_io_context::run
0x00007ffdc6e59cfc (Unity) IOService::Run
0x00007ffdc6da2026 (Unity) RunAssetImportWorkerClientV2
0x00007ffdc6da20eb (Unity) RunAssetImporterV2
0x00007ffdc65aae78 (Unity) Application::InitializeProject
0x00007ffdc6bb31b5 (Unity) UnityMain
0x00007ff7f4162fba (Unity) __scrt_common_main_seh
0x00007ffe7f2ae8d7 (KERNEL32) BaseThreadInitThunk
0x00007ffe8013c5dc (ntdll) RtlUserThreadStart

  ERROR: Build asset version error: assets/models/material.024.mat in SourceAssetDB has modification time of '2025-05-23T18:55:39.9160333Z' while content on disk has modification time of '0001-01-01T00:00:00Z' with error code 2
Stacktrace:
0x00007ffdc5929dbd (Unity) StackWalker::ShowCallstack
0x00007ffdc5939d79 (Unity) PlatformStacktrace::GetStacktrace
0x00007ffdc6ba8bbe (Unity) Stacktrace::GetStacktrace
0x00007ffdc6de5575 (Unity) GetAssetHashAndValidate
0x00007ffdc6de3d75 (Unity) AssetVersionBuilder::BuildHashOfSourceAssetArray
0x00007ffdc6de1efe (Unity) AssetVersionBuilder::BuildAssetVersion
0x00007ffdc6e20a53 (Unity) CreateAssetVersionBuilder
0x00007ffdc6e28460 (Unity) ImportToObjects
0x00007ffdc6e27098 (Unity) ImportAsset
0x00007ffdc6dc4af1 (Unity) AssetImportWorker::Import
0x00007ffdc6d76824 (Unity) <lambda_319826b16fd6fd0002c11364be971df3>::operator()
0x00007ffdc6e5b6de (Unity) asio::detail::completion_handler<core::mutable_function<void __cdecl(void)>,asio::io_context::basic_executor_type<std::allocator<void>,0> >::do_complete
0x00007ffdc6e48f6a (Unity) asio::detail::win_iocp_io_context::do_one
0x00007ffdc6e4a2d4 (Unity) asio::detail::win_iocp_io_context::run
0x00007ffdc6e59cfc (Unity) IOService::Run
0x00007ffdc6da2026 (Unity) RunAssetImportWorkerClientV2
0x00007ffdc6da20eb (Unity) RunAssetImporterV2
0x00007ffdc65aae78 (Unity) Application::InitializeProject
0x00007ffdc6bb31b5 (Unity) UnityMain
0x00007ff7f4162fba (Unity) __scrt_common_main_seh
0x00007ffe7f2ae8d7 (KERNEL32) BaseThreadInitThunk
0x00007ffe8013c5dc (ntdll) RtlUserThreadStart

Number of updated asset objects reloaded before import = 0Number of asset objects unloaded after import = 0

